<?xml version="1.0" encoding="UTF-8"?>
<!-- Generated by org.testng.reporters.JUnitReportReporter -->
<testsuite skipped="0" hostname="DESKTOP-NQVH91B" name="com.selenium.TrackoProject.TrackoClass" tests="2" failures="0" timestamp="04 Dec 2017 03:41:52 GMT" time="8.014" errors="0">
  <testcase name="signup" time="4.196" classname="com.selenium.TrackoProject.TrackoClass"/>
  <testcase name="signup" time="3.818" classname="com.selenium.TrackoProject.TrackoClass"/>
</testsuite> <!-- com.selenium.TrackoProject.TrackoClass -->
